C:\Program Files (x86)\Microsoft Visual Studio\2019\Professional\MSBuild\Microsoft\VC\v160\Microsoft.CppBuild.targets(467,5): warning MSB8028: The intermediate directory (Release\) contains files shared from another project (ColorFunc.vcxproj).  This can lead to incorrect clean and rebuild behavior.
  stdafx.cpp
  PaletteSwap.cpp
C:\Program Files (x86)\Microsoft Visual Studio\2019\Professional\VC\Tools\MSVC\14.25.28610\include\ostream(444,1): warning C4530: C++ exception handler used, but unwind semantics are not enabled. Specify /EHsc
C:\Program Files (x86)\Microsoft Visual Studio\2019\Professional\VC\Tools\MSVC\14.25.28610\include\ostream(437): message : while compiling class template member function 'std::basic_ostream<char,std::char_traits<char>> &std::basic_ostream<char,std::char_traits<char>>::operator <<(const void *)'
C:\Users\mlequime\Documents\RPG-Maker-Color-Func\PaletteSwap\PaletteSwap.cpp(115): message : see reference to function template instantiation 'std::basic_ostream<char,std::char_traits<char>> &std::basic_ostream<char,std::char_traits<char>>::operator <<(const void *)' being compiled
C:\Program Files (x86)\Microsoft Visual Studio\2019\Professional\VC\Tools\MSVC\14.25.28610\include\sstream(445): message : see reference to class template instantiation 'std::basic_ostream<char,std::char_traits<char>>' being compiled
C:\Users\mlequime\Documents\RPG-Maker-Color-Func\PaletteSwap\PaletteSwap.cpp(49): message : see reference to class template instantiation 'std::basic_ostringstream<char,std::char_traits<char>,std::allocator<char>>' being compiled
  Logic.cpp
C:\Program Files (x86)\Microsoft Visual Studio\2019\Professional\VC\Tools\MSVC\14.25.28610\include\ostream(281,1): warning C4530: C++ exception handler used, but unwind semantics are not enabled. Specify /EHsc
C:\Program Files (x86)\Microsoft Visual Studio\2019\Professional\VC\Tools\MSVC\14.25.28610\include\ostream(266): message : while compiling class template member function 'std::basic_ostream<char,std::char_traits<char>> &std::basic_ostream<char,std::char_traits<char>>::operator <<(int)'
C:\Users\mlequime\Documents\RPG-Maker-Color-Func\PaletteSwap\Logic.cpp(110): message : see reference to function template instantiation 'std::basic_ostream<char,std::char_traits<char>> &std::basic_ostream<char,std::char_traits<char>>::operator <<(int)' being compiled
C:\Program Files (x86)\Microsoft Visual Studio\2019\Professional\VC\Tools\MSVC\14.25.28610\include\istream(704): message : see reference to class template instantiation 'std::basic_ostream<char,std::char_traits<char>>' being compiled
C:\Program Files (x86)\Microsoft Visual Studio\2019\Professional\VC\Tools\MSVC\14.25.28610\include\sstream(510): message : see reference to class template instantiation 'std::basic_iostream<char,std::char_traits<char>>' being compiled
C:\Users\mlequime\Documents\RPG-Maker-Color-Func\PaletteSwap\Logic.cpp(61): message : see reference to class template instantiation 'std::basic_stringstream<char,std::char_traits<char>,std::allocator<char>>' being compiled
     Creating library C:\Users\mlequime\Documents\RPG-Maker-Color-Func\Release\PaletteSwap.lib and object C:\Users\mlequime\Documents\RPG-Maker-Color-Func\Release\PaletteSwap.exp
  Generating code
  Previous IPDB was built with incompatible compiler, fall back to full compilation.
  All 518 functions were compiled because no usable IPDB/IOBJ from previous compilation was found.
  Finished generating code
  PaletteSwap.vcxproj -> C:\Users\mlequime\Documents\RPG-Maker-Color-Func\Release\PaletteSwap.dll
  Move to game folder
          1 file(s) copied.
  No error found
